app/seeds.txt
com.huawei.sinktester.R$styleable: int LinearLayoutCompat_android_baselineAlignedChildIndex
com.huawei.sinktester.R$styleable: int AppCompatTheme_checkboxStyle
com.huawei.sinktester.R$styleable: int Toolbar_contentInsetStart
com.huawei.sinktester.R$styleable: int ConstraintLayout_Layout_layout_optimizationLevel
com.huawei.sinktester.R$styleable: int SeparatedEditText_blockSpacing
com.huawei.sinktester.R$styleable: int AppCompatImageView_srcCompat
com.huawei.sinktester.R$styleable: int[] RecycleListView
com.huawei.sinktester.R$styleable: int ViewBackgroundHelper_backgroundTintMode
com.huawei.sinktester.R$styleable: int MenuGroup_android_visible
com.huawei.sinktester.R$styleable: int MenuItem_android_numericShortcut
com.huawei.sinktester.R$styleable: int AppCompatTheme_actionBarWidgetTheme
com.huawei.sinktester.R$styleable: int GradientColor_android_centerY
com.huawei.sinktester.R$styleable: int ConstraintLayout_Layout_layout_constraintWidth_min
com.huawei.sinktester.R$styleable: int Spinner_popupTheme
com.huawei.sinktester.R$styleable: int AppCompatImageView_android_src
com.huawei.sinktester.R$styleable: int AppCompatTheme_actionModeCloseButtonStyle
com.huawei.sinktester.R$styleable: int SwitchCompat_splitTrack
com.huawei.sinktester.R$styleable: int Toolbar_buttonGravity
com.huawei.sinktester.R$styleable: int ConstraintLayout_Layout_layout_constraintTop_toTopOf
com.huawei.sinktester.R$styleable: int FontFamilyFont_android_fontWeight
com.huawei.sinktester.R$styleable: int TextAppearance_android_typeface
com.huawei.sinktester.R$styleable: int View_theme
com.huawei.sinktester.R$styleable: int LinearLayoutCompat_Layout_android_layout_height
com.huawei.sinktester.R$styleable: int AppCompatTheme_listPreferredItemPaddingLeft
com.huawei.sinktester.R$styleable: int AppCompatTheme_windowActionBarOverlay
com.huawei.sinktester.MainActivity
com.huawei.sinktester.R$styleable: int[] ListPopupWindow
com.huawei.sinktester.R$styleable: int Toolbar_titleMarginEnd
com.huawei.sinktester.SinkTesterService: SinkTesterService()
com.huawei.sinktester.R$styleable: int[] ConstraintSet
com.huawei.sinktester.R$styleable: int SearchView_commitIcon
com.huawei.sinktester.PlayActivity
com.huawei.sinktester.R$styleable: int ConstraintSet_android_translationZ
com.huawei.sinktester.R$styleable: int MenuItem_alphabeticModifiers
com.huawei.sinktester.R$styleable: int AppCompatTheme_textAppearanceListItemSmall
com.huawei.sinktester.R$styleable: int AppCompatSeekBar_tickMark
com.huawei.sinktester.SeparatedEditText: SeparatedEditText(android.content.Context,android.util.AttributeSet,int)
com.huawei.sinktester.R$styleable: int[] MenuView
com.huawei.sinktester.R$styleable: int ConstraintLayout_Layout_constraintSet
com.huawei.sinktester.R$styleable: int ConstraintSet_android_elevation
com.huawei.sinktester.SeparatedEditText: SeparatedEditText(android.content.Context)
com.huawei.sinktester.R$styleable: int ViewStubCompat_android_id
com.huawei.sinktester.R$styleable: int AppCompatTheme_actionMenuTextColor
com.huawei.sinktester.R$styleable: int RecycleListView_paddingTopNoTitle
com.huawei.sinktester.R$styleable: int AppCompatTheme_listDividerAlertDialog
com.huawei.sinktester.R$styleable: int ConstraintLayout_Layout_layout_constraintHorizontal_chainStyle
com.huawei.sinktester.R$styleable: int AppCompatTheme_checkedTextViewStyle
com.huawei.sinktester.R$styleable: int MenuItem_android_enabled
com.huawei.sinktester.R$styleable: int ConstraintLayout_Layout_layout_editor_absoluteX
com.huawei.sinktester.R$styleable: int ConstraintLayout_Layout_layout_constraintTop_creator
com.huawei.sinktester.R$styleable: int FontFamilyFont_android_fontVariationSettings
com.huawei.sinktester.R$styleable: int ConstraintLayout_placeholder_emptyVisibility
com.huawei.sinktester.R$styleable: int MenuItem_android_onClick
com.huawei.sinktester.R$styleable: int[] ActionBar
com.huawei.sinktester.R$styleable: int AppCompatTheme_dividerHorizontal
...
android.support.v4.view.MotionEventCompat: int AXIS_GENERIC_12
com.huawei.castpluskit.R$style: int Widget_AppCompat_Button
android.support.graphics.drawable.AnimatedVectorDrawableCompat: android.support.graphics.drawable.AnimatedVectorDrawableCompat$AnimatedVectorDrawableCompatState mAnimatedVectorState
android.support.v7.appcompat.R$styleable: int AppCompatTheme_listMenuViewStyle
com.huawei.castpluskit.R$styleable: int AppCompatTheme_actionModePopupWindowStyle
android.support.v4.app.FragmentManagerImpl$StartEnterTransitionListener: boolean isReady()
android.support.v7.widget.ListPopupWindow$2: ListPopupWindow$2(android.support.v7.widget.ListPopupWindow)
android.support.fragment.R$styleable: int FontFamilyFont_android_ttcIndex
android.support.v4.app.FragmentTabHost$TabInfo: android.support.v4.app.Fragment fragment
android.support.v4.app.Fragment$1: void run()
android.support.v4.view.accessibility.AccessibilityNodeInfoCompat$RangeInfoCompat: int getType()
android.support.v7.widget.ActionBarOverlayLayout: android.graphics.Rect mBaseInnerInsets
com.huawei.castpluskit.Event: Event()
com.huawei.castpluskit.R$attr: int state_above_anchor
android.support.v7.appcompat.R$styleable: int AppCompatTheme_actionMenuTextColor
com.huawei.castpluskit.R$styleable: int ActionBar_backgroundStacked
android.support.v4.app.Fragment: android.support.v4.app.FragmentManager peekChildFragmentManager()
android.support.v4.content.Loader: void onStopLoading()
android.support.v7.app.ToolbarActionBar: void setElevation(float)
com.huawei.castpluskit.Event: void writeToParcel(android.os.Parcel,int)
android.support.v4.util.MapCollections: void colPut(java.lang.Object,java.lang.Object)
android.support.constraint.solver.widgets.Guideline: int RELATIVE_PERCENT
android.support.v4.app.ListFragment: android.widget.ListAdapter getListAdapter()
android.support.v7.view.ActionBarPolicy: android.content.Context mContext
android.support.v7.widget.DrawableUtils: void fixDrawable(android.graphics.drawable.Drawable)
com.huawei.castpluskit.R$style: int TextAppearance_AppCompat_Caption
android.support.constraint.solver.widgets.Barrier
android.support.v7.widget.Toolbar: void setNavigationIcon(android.graphics.drawable.Drawable)
android.support.v7.widget.ActivityChooserModel: void setDefaultActivity(int)
android.support.v4.view.accessibility.AccessibilityRecordCompat: android.os.Parcelable getParcelableData()
com.huawei.castpluskit.HiSightCapability: int mMediaCodecConfigureFlag
com.huawei.castpluskit.castrender.CastTrackInfo: int mVideoHeight
android.support.v4.app.JobIntentService$JobServiceEngineImpl: android.app.job.JobParameters mParams
android.support.design.widget.CoordinatorLayout$Behavior: boolean onStartNestedScroll(android.support.design.widget.CoordinatorLayout,android.view.View,android.view.View,android.view.View,int,int)
android.support.v7.widget.ActionBarOverlayLayout: ActionBarOverlayLayout(android.content.Context)
android.support.v4.app.BackStackRecord: android.support.v4.app.FragmentTransaction addToBackStack(java.lang.String)
android.support.v4.widget.ViewDragHelper: int computeSettleDuration(android.view.View,int,int,int,int)
android.support.v4.graphics.drawable.RoundedBitmapDrawable: void updateDstRect()
android.support.v4.app.NotificationCompat: java.lang.String EXTRA_TITLE
android.support.v7.widget.AppCompatTextHelper
android.support.constraint.solver.widgets.ResolutionAnchor: void addResolvedValue(android.support.constraint.solver.LinearSystem)
android.support.v4.view.WindowInsetsCompat: android.support.v4.view.DisplayCutoutCompat getDisplayCutout()
android.support.v7.widget.ActionBarOverlayLayout$1: android.support.v7.widget.ActionBarOverlayLayout this$0
android.support.constraint.solver.LinearSystem: void updateRowFromVariables(android.support.constraint.solver.ArrayRow)
android.support.v7.widget.AppCompatTextView: android.support.v4.text.PrecomputedTextCompat$Params getTextMetricsParamsCompat()