app/mapping.txt
# compiler: R8
# compiler_version: 1.4.77
# min_api: 21
com.huawei.sinktester.AlertActivity -> com.huawei.sinktester.AlertActivity:
    java.lang.String mDeviceName -> f
    android.widget.TextView mAlertTextView -> a
    android.graphics.drawable.Drawable mBackgroundDrawable -> g
    android.graphics.drawable.Drawable mButtonFocusDrawable -> h
    com.huawei.castpluskit.PlayerClient mPlayerClient -> k
    android.graphics.drawable.Drawable mButtonUnfocusDrawable -> i
    com.huawei.castpluskit.IEventListener mCallback -> l
    android.widget.Button mConfirmOnceButton -> d
    android.widget.Button mConfirmAlwaysButton -> c
    java.lang.String mPinCode -> e
    com.huawei.sinktester.AlertActivity$CallbackHandler mCallbackHandler -> j
    android.widget.Button mRejectButton -> b
    28:42:void <init>() -> <init>
    28:28:com.huawei.sinktester.AlertActivity$CallbackHandler access$000(com.huawei.sinktester.AlertActivity) -> a
    28:28:java.lang.String access$100(com.huawei.sinktester.AlertActivity) -> b
    28:28:java.lang.String access$200(com.huawei.sinktester.AlertActivity) -> c
    147:151:void onBackPressed() -> onBackPressed
    66:143:void onCreate(android.os.Bundle) -> onCreate
    155:174:void onFocusChange(android.view.View,boolean) -> onFocusChange
com.huawei.sinktester.AlertActivity$1 -> c.a.e.a:
    com.huawei.sinktester.AlertActivity this$0 -> a
    42:42:void <init>(com.huawei.sinktester.AlertActivity) -> <init>
    54:60:boolean onDisplayEvent(int,com.huawei.castpluskit.DisplayInfo) -> onDisplayEvent
    44:50:boolean onEvent(com.huawei.castpluskit.Event) -> onEvent
com.huawei.sinktester.AlertActivity$2 -> c.a.e.b:
    com.huawei.sinktester.AlertActivity this$0 -> a
    94:94:void <init>(com.huawei.sinktester.AlertActivity) -> <init>
    97:102:void onClick(android.view.View) -> onClick
com.huawei.sinktester.AlertActivity$3 -> c.a.e.c:
    com.huawei.sinktester.AlertActivity this$0 -> a
    105:105:void <init>(com.huawei.sinktester.AlertActivity) -> <init>
    108:117:void onClick(android.view.View) -> onClick
com.huawei.sinktester.AlertActivity$4 -> c.a.e.d:
    com.huawei.sinktester.AlertActivity this$0 -> a
    120:120:void <init>(com.huawei.sinktester.AlertActivity) -> <init>
    123:132:void onClick(android.view.View) -> onClick
com.huawei.sinktester.AlertActivity$CallbackHandler -> com.huawei.sinktester.AlertActivity$a:
    com.huawei.sinktester.AlertActivity this$0 -> a
    177:179:void <init>(com.huawei.sinktester.AlertActivity,android.os.Looper) -> <init>
    183:193:void handleMessage(android.os.Message) -> handleMessage
com.huawei.sinktester.MainActivity -> com.huawei.sinktester.MainActivity:
    android.widget.LinearLayout mEncryptionSwitchLayout -> b
    android.widget.LinearLayout mMainSwitchLayout -> a
    boolean mIsDiscoverable -> j
    android.widget.Switch mMainSwitch -> d
    boolean mAuthMode -> k
    android.widget.Switch mEncryptionSwitch -> e
    java.lang.String mPassword -> l
    android.widget.LinearLayout mPasswordLayout -> c
    android.bluetooth.BluetoothAdapter myDevice -> p
    android.widget.TextView mWifiNameTextView -> g
    android.widget.TextView mPasswordTextView -> f
    android.widget.TextView mTvNameTextView -> i
    android.content.BroadcastReceiver mBroadcastReceiver -> q
    android.widget.TextView mIntroductTextView -> h
    android.graphics.drawable.Drawable mFocusBackgroundDrawable -> n
    android.net.wifi.WifiManager mWifi -> m
    android.graphics.drawable.Drawable mUnfocusBackgroundDrawable -> o
    26:203:void <init>() -> <init>
    26:26:boolean access$000(com.huawei.sinktester.MainActivity) -> a
    26:26:boolean access$002(com.huawei.sinktester.MainActivity,boolean) -> a
    26:26:android.widget.Switch access$100(com.huawei.sinktester.MainActivity) -> b
    26:26:boolean access$202(com.huawei.sinktester.MainActivity,boolean) -> b
    26:26:boolean access$200(com.huawei.sinktester.MainActivity) -> c
    26:26:java.lang.String access$300(com.huawei.sinktester.MainActivity) -> d
...
android.support.v4.app.BackStackRecord$Op -> android.support.v4.app.BackStackRecord$Op:
    200:201:void <init>() -> <init>
    203:206:void <init>(int,android.support.v4.app.Fragment) -> <init>
android.support.v4.app.BackStackState -> android.support.v4.app.BackStackState:
    158:158:void <clinit>() -> <clinit>
    48:53:void <init>(android.support.v4.app.BackStackRecord) -> <init>
    79:92:void <init>(android.os.Parcel) -> <init>
    139:139:int describeContents() -> describeContents
    95:134:android.support.v4.app.BackStackRecord instantiate(android.support.v4.app.FragmentManagerImpl) -> instantiate
    144:156:void writeToParcel(android.os.Parcel,int) -> writeToParcel
android.support.v4.app.BackStackState$1 -> android.support.v4.app.BackStackState$1:
    159:159:void <init>() -> <init>
    159:159:java.lang.Object createFromParcel(android.os.Parcel) -> createFromParcel
    162:162:android.support.v4.app.BackStackState createFromParcel(android.os.Parcel) -> createFromParcel
    159:159:java.lang.Object[] newArray(int) -> newArray
    167:167:android.support.v4.app.BackStackState[] newArray(int) -> newArray
android.support.v4.app.BundleCompat -> android.support.v4.app.BundleCompat:
    94:94:void <init>() -> <init>
    105:108:android.os.IBinder getBinder(android.os.Bundle,java.lang.String) -> getBinder
    121:126:void putBinder(android.os.Bundle,java.lang.String,android.os.IBinder) -> putBinder
android.support.v4.app.BundleCompat$BundleCompatBaseImpl -> android.support.v4.app.BundleCompat$BundleCompatBaseImpl:
    44:45:void <init>() -> <init>
    48:67:android.os.IBinder getBinder(android.os.Bundle,java.lang.String) -> getBinder
    71:91:void putBinder(android.os.Bundle,java.lang.String,android.os.IBinder) -> putBinder
android.support.v4.app.CoreComponentFactory -> android.support.v4.app.CoreComponentFactory:
    37:86:void <init>() -> <init>
    72:78:java.lang.Object checkCompatWrapper(java.lang.Object) -> checkCompatWrapper
    43:43:android.app.Activity instantiateActivity(java.lang.ClassLoader,java.lang.String,android.content.Intent) -> instantiateActivity
    49:49:android.app.Application instantiateApplication(java.lang.ClassLoader,java.lang.String) -> instantiateApplication
    62:62:android.content.ContentProvider instantiateProvider(java.lang.ClassLoader,java.lang.String) -> instantiateProvider
    56:56:android.content.BroadcastReceiver instantiateReceiver(java.lang.ClassLoader,java.lang.String,android.content.Intent) -> instantiateReceiver
    68:68:android.app.Service instantiateService(java.lang.ClassLoader,java.lang.String,android.content.Intent) -> instantiateService