app/unused.txt
com.huawei.sinktester.R$id
com.huawei.sinktester.SinkTesterService
    private void startPinActivity(java.lang.String,java.lang.String)
    private static final java.lang.String TAG
    public static final java.lang.String BROADCAST_ACTION_DISCONNECT
    public static final java.lang.String BROADCAST_ACTION_SET_DISCOVERABLE
    public static final java.lang.String BROADCAST_ACTION_SET_AUTH_MODE
    public static final java.lang.String BROADCAST_ACTION_REJECT_CONNECTION
    public static final java.lang.String BROADCAST_ACTION_ALLOW_CONNECTION_ALWAYS
    public static final java.lang.String BROADCAST_ACTION_ALLOW_CONNECTION_ONCE
    public static final java.lang.String BROADCAST_ACTION_PLAY
    public static final java.lang.String BROADCAST_ACTION_PAUSE
    public static final java.lang.String BROADCAST_ACTION_FINISH_PIN_ACTIVITY
    public static final java.lang.String BROADCAST_ACTION_FINISH_PLAY_ACTIVITY
    public static final java.lang.String BROADCAST_ACTION_NETWORK_QUALITY
    private static final int OPTIMIZATION_TAG_CODEC_CONFIGURE_FLAG
    private static final int OPTIMIZATION_TAG_MEDIA_FORMAT_INTEGER
    private static final int OPTIMIZATION_TAG_MEDIA_FORMAT_FLOAT
    private static final int OPTIMIZATION_TAG_MEDIA_FORMAT_LONG
    private static final int OPTIMIZATION_TAG_MEDIA_FORMAT_STRING
com.huawei.sinktester.PinActivity
    private static final java.lang.String TAG
com.huawei.sinktester.SinkTesterService$MyBinder
    public com.huawei.sinktester.SinkTesterService getService()
com.huawei.sinktester.Utils
    public void <init>()
com.huawei.sinktester.BuildConfig
com.huawei.sinktester.SharedPreferenceUtil
    public void <init>()
    public static final java.lang.String PREF_FILE
    public static final java.lang.String PREF_KEY_DISCOVERABLE
    public static final java.lang.String PREF_KEY_AUTH_MODE
    public static final java.lang.String PREF_KEY_PASSWORD
    private static final java.lang.String TAG
com.huawei.sinktester.Manifest
com.huawei.sinktester.R$color
com.huawei.sinktester.R$dimen
com.huawei.sinktester.AlertActivity
    private static final java.lang.String TAG
com.huawei.sinktester.R$styleable
    public void <init>()
com.huawei.sinktester.R
com.huawei.sinktester.R$attr
com.huawei.sinktester.Manifest$permission
com.huawei.sinktester.MainActivity
    private static final java.lang.String TAG
com.huawei.sinktester.R$anim
com.huawei.sinktester.R$drawable
com.huawei.sinktester.PasswordActivity
    private static final java.lang.String TAG
com.huawei.sinktester.R$animator
com.huawei.sinktester.R$style
com.huawei.sinktester.R$string
com.huawei.sinktester.R$layout
com.huawei.sinktester.R$bool
com.huawei.sinktester.PlayActivity
    private static final java.lang.String TAG
    private static final int INVALID_NETWORK_QUALITY
com.huawei.sinktester.SeparatedEditText
    public void clearText()
com.huawei.sinktester.R$integer
com.huawei.sinktester.R$mipmap
...
com.huawei.hwddmp.servicebus.e
com.huawei.hwddmp.discover.c$a$a
android.arch.lifecycle.Transformations
com.huawei.connection.R
com.huawei.connection.R$string
com.huawei.profile.service.a
    public abstract void a(com.huawei.profile.profile.Result,java.util.List)
android.arch.lifecycle.ViewModelProvider$NewInstanceFactory
android.arch.lifecycle.ViewModelProvider$AndroidViewModelFactory
android.arch.lifecycle.ComputableLiveData$3
com.huawei.connection.R$bool
com.huawei.hwddmp.servicebus.c$a$a
com.huawei.hwddmp.servicebus.d$a
android.arch.lifecycle.R
com.huawei.profile.service.b$a$a
com.huawei.profile.service.c$a$a
    public int a(java.lang.String,boolean)
com.huawei.profile.service.d$a
    public static com.huawei.profile.service.d a(android.os.IBinder)
androidx.core.internal.package-info
com.huawei.hwddmp.servicebus.g$a$a
com.huawei.profile.service.b$a
com.huawei.hwddmp.d.b$a$a
com.huawei.hwddmp.d.c$a$a
    public void b(com.huawei.hwddmp.d.b)
    public com.huawei.hwddmp.deviceinfo.DeviceInfoExternalList a()
    public com.huawei.hwddmp.deviceinfo.PeripheralList a(java.lang.String)
    public void a(java.lang.String,int)
    public void c()
    public void d()
    public void a(boolean)
    public void b(boolean)
    public void d(com.huawei.hwddmp.d.b)
    public int b(java.lang.String)
    public void a(java.lang.String,boolean)
    public boolean c(java.lang.String)
    public void a(int,long)
    public java.lang.String d(java.lang.String)
    public java.lang.String e(java.lang.String)
    public int b(java.lang.String,boolean)
    public com.huawei.hwddmp.deviceinfo.DeviceInfoExternalList e()
    public java.lang.String f(java.lang.String)
    public com.huawei.hwddmp.deviceinfo.BasicInfo f()
    public com.huawei.hwddmp.deviceinfo.BasicInfo g(java.lang.String)
    public java.util.List g()
    public java.lang.String h(java.lang.String)
    public java.util.List a(int)
    public java.lang.String a(java.lang.String,java.lang.String)
    public void a(java.lang.String,int,com.huawei.hwddmp.discover.DeviceInfo,com.huawei.hwddmp.d.a)
    public void a(java.lang.String,int,java.lang.String,com.huawei.hwddmp.d.a)
    public void a(java.lang.String,com.huawei.hwddmp.discover.ConnectInfo)
    public void a(java.lang.String,int,com.huawei.hwddmp.discover.ConnectInfo)
    public void a(java.lang.String,int,java.lang.String)
com.huawei.hwddmp.servicebus.f$a
    public boolean onTransact(int,android.os.Parcel,android.os.Parcel,int)
com.huawei.hwddmp.d.a$a$a
com.huawei.hwddmp.d.a$a
com.huawei.connection.R$integer
android.arch.lifecycle.ComputableLiveData
androidx.versionedparcelable.R
com.huawei.hwddmp.discover.b$a$a
com.huawei.hwddmp.d.a
android.arch.core.executor.TaskExecutor
    public void executeOnMainThread(java.lang.Runnable)
androidx.versionedparcelable.ParcelField
com.huawei.connection.R$dimen
android.arch.core.util.Function
com.huawei.hwddmp.d.c$a
    public boolean onTransact(int,android.os.Parcel,android.os.Parcel,int)
android.arch.lifecycle.MediatorLiveData
com.huawei.hisight.hisight.media.a.c
    public void setPayloads(byte[])
    public void setTimestamp(long)
    public void setRtpTimestamp(long)
com.huawei.hwddmp.discover.a$a$a
    public int a(java.lang.String,com.huawei.hwddmp.discover.SubscribeInfo,com.huawei.hwddmp.discover.b)
    public int b(java.lang.String,int)
com.huawei.profile.service.e
    public abstract void a(java.util.Map)